0 info it worked if it ends with ok
1 verbose cli [ '/usr/local/bin/node', '/usr/local/bin/npm', 'run', 'dev' ]
2 info using npm@3.10.10
3 info using node@v6.10.3
4 verbose run-script [ 'predev', 'dev', 'postdev' ]
5 info lifecycle frontend@1.0.0~predev: frontend@1.0.0
6 silly lifecycle frontend@1.0.0~predev: no script for predev, continuing
7 info lifecycle frontend@1.0.0~dev: frontend@1.0.0
8 verbose lifecycle frontend@1.0.0~dev: unsafe-perm in lifecycle true
9 verbose lifecycle frontend@1.0.0~dev: PATH: /usr/local/lib/node_modules/npm/bin/node-gyp-bin:/Library/WebServer/Documents/MR/frontend/node_modules/.bin:/usr/local/php5/bin:/opt/local/bin:/opt/local/sbin:/usr/local/bin:/usr/bin:/bin:/usr/sbin:/sbin:/opt/X11/bin:/usr/local/Cellar/mysql/5.7.18_1/bin
10 verbose lifecycle frontend@1.0.0~dev: CWD: /Library/WebServer/Documents/MR/frontend
11 silly lifecycle frontend@1.0.0~dev: Args: [ '-c', 'webpack -d --watch' ]
12 silly lifecycle frontend@1.0.0~dev: Returned: code: 126  signal: null
13 info lifecycle frontend@1.0.0~dev: Failed to exec dev script
14 verbose stack Error: frontend@1.0.0 dev: `webpack -d --watch`
14 verbose stack Exit status 126
14 verbose stack     at EventEmitter.<anonymous> (/usr/local/lib/node_modules/npm/lib/utils/lifecycle.js:255:16)
14 verbose stack     at emitTwo (events.js:106:13)
14 verbose stack     at EventEmitter.emit (events.js:191:7)
14 verbose stack     at ChildProcess.<anonymous> (/usr/local/lib/node_modules/npm/lib/utils/spawn.js:40:14)
14 verbose stack     at emitTwo (events.js:106:13)
14 verbose stack     at ChildProcess.emit (events.js:191:7)
14 verbose stack     at maybeClose (internal/child_process.js:886:16)
14 verbose stack     at Process.ChildProcess._handle.onexit (internal/child_process.js:226:5)
15 verbose pkgid frontend@1.0.0
16 verbose cwd /Library/WebServer/Documents/MR/frontend
17 error Darwin 15.0.0
18 error argv "/usr/local/bin/node" "/usr/local/bin/npm" "run" "dev"
19 error node v6.10.3
20 error npm  v3.10.10
21 error code ELIFECYCLE
22 error frontend@1.0.0 dev: `webpack -d --watch`
22 error Exit status 126
23 error Failed at the frontend@1.0.0 dev script 'webpack -d --watch'.
23 error Make sure you have the latest version of node.js and npm installed.
23 error If you do, this is most likely a problem with the frontend package,
23 error not with npm itself.
23 error Tell the author that this fails on your system:
23 error     webpack -d --watch
23 error You can get information on how to open an issue for this project with:
23 error     npm bugs frontend
23 error Or if that isn't available, you can get their info via:
23 error     npm owner ls frontend
23 error There is likely additional logging output above.
24 verbose exit [ 1, true ]
